<?xml version="1.0" encoding="utf-8"?><testsuites name="pytest tests"><testsuite name="pytest" errors="0" failures="0" skipped="0" tests="144" time="71.441" timestamp="2026-07-30T09:01:08.529369+00:00" hostname="530f19c2c75d"><testcase classname="tests.integration.test_api" name="test_modelview_prompt_form_field_merges_without_ambiguity" time="0.000" /><testcase classname="tests.integration.test_api" name="test_api_version_exposes_immutable_build_provenance" time="1.294" /><testcase classname="tests.integration.test_api" name="test_api_key_rbac_validation_and_idempotency" time="1.439" /><testcase classname="tests.integration.test_api" name="test_batch_api_idempotency_isolation_and_parent_only_admin_list" time="1.669" /><testcase classname="tests.integration.test_api" name="test_batch_cancel_operation_child_guards_and_audit" time="1.679" /><testcase classname="tests.integration.test_api" name="test_admin_parent_cancel_uses_public_acknowledgement_state" time="1.426" /><testcase classname="tests.integration.test_api" name="test_uploaded_image_binding_uses_isolated_job_subfolder" time="1.464" /><testcase classname="tests.integration.test_api" name="test_admin_login_and_destructive_confirmation" time="1.451" /><testcase classname="tests.integration.test_api" name="test_admin_asset_processing_reports_real_workers_jobs_and_artifacts" time="1.425" /><testcase classname="tests.integration.test_api" name="test_admin_views_separate_production_and_test_traffic" time="1.397" /><testcase classname="tests.integration.test_api" name="test_admin_retry_clears_previous_execution_and_keeps_error_audit" time="1.531" /><testcase classname="tests.integration.test_api" name="test_source_ip_auto_enrolls_without_api_key" time="1.340" /><testcase classname="tests.integration.test_api" name="test_direct_image_service_reports_missing_workflow" time="1.388" /><testcase classname="tests.integration.test_api" name="test_callback_url_allowlist_and_one_time_secret" time="1.482" /><testcase classname="tests.integration.test_api" name="test_one_hundred_concurrent_submissions_are_accepted" time="7.232" /><testcase classname="tests.integration.test_api" name="test_public_api_never_accepts_admin_key_or_cross_tenant_access" time="1.482" /><testcase classname="tests.integration.test_api" name="test_admin_cannot_create_api_key_for_admin_and_request_id_is_stable" time="1.454" /><testcase classname="tests.integration.test_api" name="test_same_idempotency_key_concurrency_creates_one_job_and_directory" time="3.239" /><testcase classname="tests.integration.test_api" name="test_alertmanager_webhook_is_authenticated_and_deduplicated" time="1.439" /><testcase classname="tests.integration.test_api" name="test_workflow_import_builds_node_compatibility_and_can_be_enabled" time="1.434" /><testcase classname="tests.integration.test_api" name="test_runtime_overflow_settings_are_validated_and_persisted" time="1.468" /><testcase classname="tests.integration.test_api" name="test_admin_can_update_discovered_client_limits_and_access" time="1.479" /><testcase classname="tests.integration.test_api" name="test_signed_node_heartbeat_updates_address_and_dynamic_monitoring" time="1.367" /><testcase classname="tests.integration.test_asset_api" name="test_asset_api_version_exposes_aligned_immutable_provenance" time="1.301" /><testcase classname="tests.integration.test_asset_api" name="test_asset_api_auto_discovers_client_by_source_ip_without_api_key" time="1.309" /><testcase classname="tests.integration.test_asset_api" name="test_substance_baker_full_pbr_is_windows_only_fenced_and_atomically_published" time="1.402" /><testcase classname="tests.integration.test_asset_api" name="test_uv_asset_job_contract_worker_concurrency_and_atomic_artifacts" time="1.446" /><testcase classname="tests.integration.test_asset_api" name="test_uv_asset_rejects_unsafe_filename_and_unknown_options" time="1.302" /><testcase classname="tests.integration.test_asset_api" name="test_uv_process_v2_preserves_stem_and_publishes_five_verified_artifacts" time="1.366" /><testcase classname="tests.integration.test_asset_api" name="test_retopology_audit_stops_at_review_gate_and_exposes_audit_artifacts" time="1.372" /><testcase classname="tests.integration.test_asset_api" name="test_retopology_audit_rejects_non_blend_input" time="1.294" /><testcase classname="tests.integration.test_asset_api" name="test_retopology_process_accepts_reference_views_and_publishes_review_set" time="1.426" /><testcase classname="tests.integration.test_database_claim" name="test_transactional_claim_enforces_single_node_slot" time="1.316" /><testcase classname="tests.integration.test_database_claim" name="test_incompatible_workflow_is_not_claimed" time="1.215" /><testcase classname="tests.integration.test_database_claim" name="test_scheduler_skips_incompatible_node_and_claims_on_compatible_fallback" time="1.360" /><testcase classname="tests.integration.test_database_claim" name="test_workflow_pipeline_labels_are_rechecked_at_claim_time" time="1.284" /><testcase classname="tests.integration.test_database_claim" name="test_batch_materialization_fails_closed_on_identity_drift" time="1.322" /><testcase classname="tests.integration.test_database_claim" name="test_production_jobs_precede_test_jobs_and_tests_use_idle_capacity" time="1.294" /><testcase classname="tests.integration.test_database_claim" name="test_retry_reuses_durable_lease_with_fresh_token" time="1.297" /><testcase classname="tests.integration.test_database_claim" name="test_prompt_submission_intent_is_durable_and_counted_once" time="1.329" /><testcase classname="tests.integration.test_database_claim" name="test_recovered_completion_does_not_fabricate_gpu_start_time" time="1.258" /><testcase classname="tests.integration.test_database_claim" name="test_scheduler_restart_routes_submit_intent_to_reconciliation" time="1.337" /><testcase classname="tests.integration.test_database_claim" name="test_post_accepted_then_persistence_crash_never_requeues_or_resubmits" time="1.388" /><testcase classname="tests.integration.test_database_claim" name="test_cancelled_batch_requires_locked_valid_cancel_audit" time="1.335" /><testcase classname="tests.integration.test_database_claim" name="test_batch_transitions_do_not_fabricate_gpu_timestamps" time="1.363" /><testcase classname="tests.integration.test_database_claim" name="test_executor_error_racing_with_cancel_does_not_retry_or_fail" time="1.342" /><testcase classname="tests.integration.test_node_agent" name="test_worker_agent_does_not_require_control_plane_secrets" time="0.003" /><testcase classname="tests.integration.test_node_agent" name="test_hybrid_node_uses_physical_host_identity_over_wsl_nat" time="0.000" /><testcase classname="tests.integration.test_node_agent" name="test_imageclip_pipeline_state_is_deterministic_and_tracks_content" time="0.001" /><testcase classname="tests.integration.test_node_agent" name="test_node_agent_requires_signature_and_rejects_replay" time="0.008" /><testcase classname="tests.integration.test_node_agent" name="test_node_agent_health_exposes_package_and_source_identity" time="0.006" /><testcase classname="tests.integration.test_node_agent" name="test_gpu_metrics_are_signed_and_return_live_values" time="0.007" /><testcase classname="tests.unit.test_batches" name="test_manifest_requires_canonical_contiguous_paths" time="0.005" /><testcase classname="tests.unit.test_batches" name="test_archive_is_exact_stored_and_hash_verified" time="0.012" /><testcase classname="tests.unit.test_batches" name="test_result_archive_preserves_paths_order_hashes_and_alpha" time="0.007" /><testcase classname="tests.unit.test_batches" name="test_workflow_identity_is_fail_closed_and_normalizes_output_node" time="0.000" /><testcase classname="tests.unit.test_fairness" name="test_tenant_round_robin_prevents_starvation" time="0.000" /><testcase classname="tests.unit.test_fairness" name="test_priority_aging_and_pin" time="0.000" /><testcase classname="tests.unit.test_fairness" name="test_three_different_sized_video_batches_receive_the_first_three_slots" time="0.010" /><testcase classname="tests.unit.test_fairness" name="test_batch_without_an_active_frame_gets_the_next_free_slot" time="0.000" /><testcase classname="tests.unit.test_fake_comfyui" name="test_fake_comfyui_success_multi_output_and_free" time="0.006" /><testcase classname="tests.unit.test_fake_comfyui" name="test_fake_comfyui_failures_and_external_queue" time="0.005" /><testcase classname="tests.unit.test_fake_comfyui" name="test_comfy_client_accepts_empty_free_response" time="0.001" /><testcase classname="tests.unit.test_fake_comfyui" name="test_prompt_submission_recovery_finds_queue_and_history_without_resubmit" time="0.007" /><testcase classname="tests.unit.test_fake_comfyui" name="test_comfy_client_overwrites_and_repairs_zero_byte_upload" time="0.252" /><testcase classname="tests.unit.test_fake_comfyui" name="test_output_collection_is_limited_to_declared_nodes" time="0.000" /><testcase classname="tests.unit.test_generate_env" name="test_control_env_generator_produces_consistent_ready_to_copy_files" time="0.072" /><testcase classname="tests.unit.test_imageclip_workflow_builder" name="test_control_after_generate_accepts_boolean_and_fixed_modes" time="0.000" /><testcase classname="tests.unit.test_imageclip_workflow_builder" name="test_builder_skips_ui_control_after_generate_value" time="0.000" /><testcase classname="tests.unit.test_imageclip_workflow_builder" name="test_builder_inlines_ui_primitive_without_emitting_a_fake_api_node" time="0.000" /><testcase classname="tests.unit.test_imageclip_workflow_builder" name="test_builder_skips_serialized_seed_control_when_object_info_omits_flag" time="0.000" /><testcase classname="tests.unit.test_imageclip_workflow_builder" name="test_builder_preserves_autogrow_nested_link_names" time="0.000" /><testcase classname="tests.unit.test_imageclip_workflow_builder" name="test_builder_accepts_preview_image_as_the_single_final_output" time="0.000" /><testcase classname="tests.unit.test_imageclip_workflow_builder" name="test_builder_resolves_ui_reroute_without_emitting_a_fake_api_node" time="0.000" /><testcase classname="tests.unit.test_load_testing" name="test_default_runtime_is_plan_only_and_has_no_credentials" time="0.000" /><testcase classname="tests.unit.test_load_testing" name="test_execution_requires_all_gates_and_external_valid_fixtures" time="0.005" /><testcase classname="tests.unit.test_load_testing" name="test_production_target_is_refused_even_with_confirmation" time="0.005" /><testcase classname="tests.unit.test_load_testing" name="test_production_target_allows_only_explicit_change_window_gates" time="0.007" /><testcase classname="tests.unit.test_load_testing" name="test_confirmation_token_domains_and_exact_origin_allowlist" time="0.000" /><testcase classname="tests.unit.test_load_testing" name="test_production_backup_requires_full_integrity_and_pre_window_age" time="0.001" /><testcase classname="tests.unit.test_load_testing" name="test_production_backup_rejects_unenforced_quiesce_and_stale_snapshot" time="0.001" /><testcase classname="tests.unit.test_load_testing" name="test_production_backup_rejects_checksum_manifest_drift" time="0.001" /><testcase classname="tests.unit.test_load_testing" name="test_production_backup_rejects_files_finalized_after_window" time="0.001" /><testcase classname="tests.unit.test_load_testing" name="test_scenario_requires_all_six_positive_weights_and_100_users" time="0.004" /><testcase classname="tests.unit.test_load_testing" name="test_plan_redacts_secrets_and_exposes_resource_mix" time="0.005" /><testcase classname="tests.unit.test_load_testing" name="test_summary_reports_required_percentiles_retries_and_nodes" time="0.000" /><testcase classname="tests.unit.test_load_testing" name="test_telemetry_summary_reports_gpu_saturation_worker_slots_and_queue_peak" time="0.000" /><testcase classname="tests.unit.test_modelview_roughness_workflow" name="test_roughness_contract_exposes_only_the_input_image" time="0.001" /><testcase classname="tests.unit.test_modelview_roughness_workflow" name="test_roughness_render_preserves_fixed_prompt_and_final_output" time="0.002" /><testcase classname="tests.unit.test_release_identity" name="test_source_release_versions_are_aligned" time="0.001" /><testcase classname="tests.unit.test_release_identity" name="test_release_revision_must_be_a_full_git_sha" time="0.000" /><testcase classname="tests.unit.test_release_identity" name="test_release_evidence_names_must_be_unique" time="0.000" /><testcase classname="tests.unit.test_release_identity" name="test_sbom_must_be_bound_to_the_registry_manifest" time="0.000" /><testcase classname="tests.unit.test_release_packaging" name="test_confirmation_token_binds_version_and_full_revision" time="0.000" /><testcase classname="tests.unit.test_release_packaging" name="test_base_image_resolution_requires_one_matching_digest" time="0.000" /><testcase classname="tests.unit.test_release_packaging" name="test_build_commands_are_source_bound_and_never_deploy_or_push" time="0.000" /><testcase classname="tests.unit.test_release_packaging" name="test_offline_attestations_are_bound_to_oci_manifest" time="0.001" /><testcase classname="tests.unit.test_release_packaging" name="test_offline_attestation_subject_mismatch_fails_closed" time="0.001" /><testcase classname="tests.unit.test_release_packaging" name="test_release_dockerfiles_allow_digest_pinned_base_images" time="0.000" /><testcase classname="tests.unit.test_release_packaging" name="test_default_lfs_directory_preserves_existing_evidence" time="0.001" /><testcase classname="tests.unit.test_retopology_quality_gate" name="test_retopology_quality_gate_accepts_measured_mixed_topology" time="0.000" /><testcase classname="tests.unit.test_retopology_quality_gate" name="test_retopology_quality_gate_rejects_shape_drift" time="0.000" /><testcase classname="tests.unit.test_retopology_quality_gate" name="test_retopology_quality_gate_rejects_component_loss_and_ngons" time="0.000" /><testcase classname="tests.unit.test_scheduler_progress" name="test_job_progress_does_not_regress_when_comfy_switches_nodes" time="0.000" /><testcase classname="tests.unit.test_scheduler_progress" name="test_batch_progress_does_not_regress_when_active_children_reset" time="0.000" /><testcase classname="tests.unit.test_scheduler_submission" name="test_runtime_provenance_requires_package_and_build_version_alignment" time="0.000" /><testcase classname="tests.unit.test_scheduler_submission" name="test_prompt_response_before_db_commit_is_adopted_without_second_submit" time="0.004" /><testcase classname="tests.unit.test_scheduler_submission" name="test_missing_or_duplicate_submit_intent_fails_closed" time="0.005" /><testcase classname="tests.unit.test_scheduling" name="test_primary_3090_is_always_preferred" time="0.000" /><testcase classname="tests.unit.test_scheduling" name="test_warm_cache_affinity_is_preferred_but_never_blocks_fallback" time="0.000" /><testcase classname="tests.unit.test_scheduling" name="test_4090_reserved_never_schedules" time="0.000" /><testcase classname="tests.unit.test_scheduling" name="test_overflow_requires_threshold_and_all_guards" time="0.000" /><testcase classname="tests.unit.test_scheduling" name="test_manual_reserve_and_sentinel_have_priority" time="0.000" /><testcase classname="tests.unit.test_scheduling" name="test_drain_foreign_queue_and_expired_heartbeat_block_node" time="0.000" /><testcase classname="tests.unit.test_scheduling" name="test_overflow_allowed_windows_parse_overnight" time="0.005" /><testcase classname="tests.unit.test_state_machine" name="test_legal_transitions[RECEIVED-VALIDATING]" time="0.000" /><testcase classname="tests.unit.test_state_machine" name="test_legal_transitions[QUEUED-CLAIMED]" time="0.000" /><testcase classname="tests.unit.test_state_machine" name="test_legal_transitions[SUBMITTED-RUNNING]" time="0.000" /><testcase classname="tests.unit.test_state_machine" name="test_legal_transitions[DOWNLOADING-SUCCEEDED]" time="0.000" /><testcase classname="tests.unit.test_state_machine" name="test_legal_transitions[RUNNING-CANCELLING]" time="0.000" /><testcase classname="tests.unit.test_state_machine" name="test_legal_transitions[CANCELLING-CANCELLED]" time="0.000" /><testcase classname="tests.unit.test_state_machine" name="test_illegal_transitions[QUEUED-SUCCEEDED]" time="0.000" /><testcase classname="tests.unit.test_state_machine" name="test_illegal_transitions[SUCCEEDED-QUEUED]" time="0.000" /><testcase classname="tests.unit.test_state_machine" name="test_illegal_transitions[CANCELLED-RUNNING]" time="0.000" /><testcase classname="tests.unit.test_state_machine" name="test_active_states_can_time_out[CLAIMED]" time="0.000" /><testcase classname="tests.unit.test_state_machine" name="test_active_states_can_time_out[UPLOADING]" time="0.000" /><testcase classname="tests.unit.test_state_machine" name="test_active_states_can_time_out[SUBMITTED]" time="0.000" /><testcase classname="tests.unit.test_state_machine" name="test_active_states_can_time_out[RUNNING]" time="0.000" /><testcase classname="tests.unit.test_state_machine" name="test_active_states_can_time_out[DOWNLOADING]" time="0.000" /><testcase classname="tests.unit.test_state_machine" name="test_active_states_can_time_out[CANCELLING]" time="0.000" /><testcase classname="tests.unit.test_storage_security" name="test_storage_rejects_path_traversal" time="0.000" /><testcase classname="tests.unit.test_storage_security" name="test_stream_write_is_hashed_and_atomic" time="0.007" /><testcase classname="tests.unit.test_storage_security" name="test_api_key_hash_and_verification" time="0.000" /><testcase classname="tests.unit.test_storage_security" name="test_callback_url_blocks_ssrf" time="0.000" /><testcase classname="tests.unit.test_storage_security" name="test_agent_signing_binds_method_path_body_nonce" time="0.000" /><testcase classname="tests.unit.test_storage_security" name="test_image_validation_rejects_non_image_and_pixel_limit" time="0.012" /><testcase classname="tests.unit.test_storage_security" name="test_production_rejects_development_secrets" time="0.005" /><testcase classname="tests.unit.test_workflow" name="test_safe_binding_only_changes_declared_input" time="0.001" /><testcase classname="tests.unit.test_workflow" name="test_modelview_prompt_is_overwritten_per_request_without_cross_job_leakage" time="0.002" /><testcase classname="tests.unit.test_workflow" name="test_rejects_ui_workflow" time="0.000" /><testcase classname="tests.unit.test_workflow" name="test_rejects_unknown_parameter" time="0.001" /><testcase classname="tests.unit.test_workflow" name="test_rejects_binding_path_traversal" time="0.001" /><testcase classname="tests.unit.test_workflow" name="test_node_compatibility_fails_closed_without_class_inventory" time="0.000" /><testcase classname="tests.unit.test_workflow" name="test_node_compatibility_reports_missing_classes_and_labels" time="0.000" /></testsuite></testsuites>