<?xml version="1.0" encoding="utf-8"?><testsuites name="pytest tests"><testsuite name="pytest" errors="0" failures="0" skipped="0" tests="13" time="0.112" timestamp="2026-07-30T08:49:37.818628+00:00" hostname="e4b8572fcb56"><testcase classname="tests.unit.test_load_testing" name="test_default_runtime_is_plan_only_and_has_no_credentials" time="0.000" /><testcase classname="tests.unit.test_load_testing" name="test_execution_requires_all_gates_and_external_valid_fixtures" time="0.052" /><testcase classname="tests.unit.test_load_testing" name="test_production_target_is_refused_even_with_confirmation" time="0.005" /><testcase classname="tests.unit.test_load_testing" name="test_production_target_allows_only_explicit_change_window_gates" time="0.007" /><testcase classname="tests.unit.test_load_testing" name="test_confirmation_token_domains_and_exact_origin_allowlist" time="0.000" /><testcase classname="tests.unit.test_load_testing" name="test_production_backup_requires_full_integrity_and_pre_window_age" time="0.001" /><testcase classname="tests.unit.test_load_testing" name="test_production_backup_rejects_unenforced_quiesce_and_stale_snapshot" time="0.001" /><testcase classname="tests.unit.test_load_testing" name="test_production_backup_rejects_checksum_manifest_drift" time="0.001" /><testcase classname="tests.unit.test_load_testing" name="test_production_backup_rejects_files_finalized_after_window" time="0.001" /><testcase classname="tests.unit.test_load_testing" name="test_scenario_requires_all_six_positive_weights_and_100_users" time="0.004" /><testcase classname="tests.unit.test_load_testing" name="test_plan_redacts_secrets_and_exposes_resource_mix" time="0.005" /><testcase classname="tests.unit.test_load_testing" name="test_summary_reports_required_percentiles_retries_and_nodes" time="0.000" /><testcase classname="tests.unit.test_load_testing" name="test_telemetry_summary_reports_gpu_saturation_worker_slots_and_queue_peak" time="0.000" /></testsuite></testsuites>